<?xml version="1.0" encoding="UTF-8"?>
<!-- Generated by org.testng.reporters.JUnitReportReporter -->
<testsuite hostname="WKWZTEmSDVRzPVP" failures="0" tests="1" name="assignment.Concatinate" time="0.013" errors="0" timestamp="2022-11-29T23:24:19 IST" skipped="0">
  <testcase classname="assignment.Concatinate" name="name" time="0.013"/>
  <system-out/>
</testsuite> <!-- assignment.Concatinate -->
